\BOOKMARK [1][-]{section.1}{Le origini del Bitcoin}{}% 1
\BOOKMARK [1][-]{section.2}{Blockchain: cos'\350 e come funziona}{}% 2
\BOOKMARK [2][-]{subsection.2.1}{Cosa sono i blocchi e che compito svolgono}{section.2}% 3
\BOOKMARK [2][-]{subsection.2.2}{Mining}{section.2}% 4
\BOOKMARK [3][-]{subsubsection.2.2.1}{Target e difficolt\340 di mining}{subsection.2.2}% 5
\BOOKMARK [3][-]{subsubsection.2.2.2}{Costi del mining}{subsection.2.2}% 6
\BOOKMARK [3][-]{subsubsection.2.2.3}{Profitti del mining}{subsection.2.2}% 7
\BOOKMARK [1][-]{section.3}{Aspetto tecnico del Bitcoin}{}% 8
\BOOKMARK [2][-]{subsection.3.1}{Mempool: il primo passo delle transazioni}{section.3}% 9
\BOOKMARK [2][-]{subsection.3.2}{Come e dove si conserva}{section.3}% 10
\BOOKMARK [3][-]{subsubsection.3.2.1}{Keys}{subsection.3.2}% 11
\BOOKMARK [3][-]{subsubsection.3.2.2}{Indirizzi}{subsection.3.2}% 12
\BOOKMARK [3][-]{subsubsection.3.2.3}{Portafogli}{subsection.3.2}% 13
\BOOKMARK [2][-]{subsection.3.3}{I problemi del Bitcoin}{section.3}% 14
\BOOKMARK [3][-]{subsubsection.3.3.1}{Gli attacchi al network}{subsection.3.3}% 15
\BOOKMARK [3][-]{subsubsection.3.3.2}{La parziale centralizzazione}{subsection.3.3}% 16
\BOOKMARK [3][-]{subsubsection.3.3.3}{Il limite dei blocchi da 1 Megabyte}{subsection.3.3}% 17
\BOOKMARK [1][-]{section.4}{Utilizzare Bitcoin}{}% 18
\BOOKMARK [2][-]{subsection.4.1}{Creazione del portafoglio}{section.4}% 19
\BOOKMARK [2][-]{subsection.4.2}{Come ottenere Bitcoin}{section.4}% 20
\BOOKMARK [2][-]{subsection.4.3}{Trasferire Bitcoin}{section.4}% 21
\BOOKMARK [1][-]{section.5}{Non solo Bitcoin}{}% 22
\BOOKMARK [2][-]{subsection.5.1}{Ethereum}{section.5}% 23
\BOOKMARK [2][-]{subsection.5.2}{Litecoin}{section.5}% 24
\BOOKMARK [2][-]{subsection.5.3}{Monero}{section.5}% 25
\BOOKMARK [2][-]{subsection.5.4}{Nano}{section.5}% 26
\BOOKMARK [2][-]{subsection.5.5}{Ripple}{section.5}% 27
\BOOKMARK [2][-]{subsection.5.6}{Bitcoin "hard forks"}{section.5}% 28
\BOOKMARK [1][-]{section.6}{Crypto oggi}{}% 29
\BOOKMARK [2][-]{subsection.6.1}{Adozione}{section.6}% 30
\BOOKMARK [2][-]{subsection.6.2}{La bolla del 2017: cause e conseguenze}{section.6}% 31
\BOOKMARK [3][-]{subsubsection.6.2.1}{L'analogia con la crisi del '29}{subsection.6.2}% 32
\BOOKMARK [2][-]{subsection.6.3}{Controversie}{section.6}% 33
\BOOKMARK [3][-]{subsubsection.6.3.1}{Moneta per scambi illegali}{subsection.6.3}% 34
\BOOKMARK [3][-]{subsubsection.6.3.2}{Il ban del Bitcoin in certi stati}{subsection.6.3}% 35
\BOOKMARK [3][-]{subsubsection.6.3.3}{Mt. Gox}{subsection.6.3}% 36
\BOOKMARK [3][-]{subsubsection.6.3.4}{Bitconnect}{subsection.6.3}% 37
\BOOKMARK [3][-]{subsubsection.6.3.5}{Roger Ver e la truffa di "Bitcoin Cash"}{subsection.6.3}% 38
\BOOKMARK [2][-]{subsection.6.4}{Il futuro delle criptovalute}{section.6}% 39
